<?xml version="1.0" encoding="UTF-8"?>
<!-- Generated by org.testng.reporters.JUnitXMLReporter -->
<testsuite hostname="USLT20160" ignored="0" name="Surefire test" tests="3" failures="0" timestamp="07 Oct 2021 17:50:25 GMT" time="28.195" errors="0">
  <testcase name="testGetTitle" time="0.054" classname="com.ert.wearables.test.tests.mobilityexchange.admin.TestAdminLogin"/>
  <testcase name="testFullCompactViewsOnSite" time="5.93" classname="com.ert.wearables.test.tests.mobilityexchange.admin.TestSite"/>
  <testcase name="testFullCompactViewsOnStudy" time="5.632" classname="com.ert.wearables.test.tests.mobilityexchange.admin.TestStudy"/>
</testsuite> <!-- Surefire test -->
