<?xml version="1.0" encoding="UTF-8"?>
<!-- Generated by org.testng.reporters.JUnitXMLReporter -->
<testsuite hostname="USLT20160" ignored="0" name="Surefire test" tests="3" failures="0" timestamp="24 Sep 2021 15:46:09 GMT" time="76.438" errors="0">
  <testcase name="testGetTitle" time="0.042" classname="com.ert.wearables.test.tests.mobilityexchange.admin.TestAdminLogin"/>
  <testcase name="testWebTableData" time="43.736" classname="com.ert.wearables.test.tests.mobilityexchange.admin.TestSite"/>
  <testcase name="testFullCompactViews" time="8.611" classname="com.ert.wearables.test.tests.mobilityexchange.admin.TestStudy"/>
</testsuite> <!-- Surefire test -->
