<?xml version="1.0" encoding="UTF-8"?>
<!-- Generated by org.testng.reporters.JUnitXMLReporter -->
<testsuite hostname="USLT20160" ignored="18" name="Default test" tests="1" failures="0" timestamp="2021-10-22T04:33:07 EDT" time="17.186" errors="0">
  <testcase name="testGroupTableLastModifiedSort" time="9.151" classname="com.ert.wearables.test.tests.mobilityexchange.admin.TestGroup"/>
  <testcase name="testGroupEditButtonViaIdLink" time="0.0" classname="com.ert.wearables.test.tests.mobilityexchange.admin.TestGroup">
    <ignored/>
  </testcase> <!-- testGroupEditButtonViaIdLink -->
  <testcase name="testGroupHistoryViaGroupTablesNameLinkWhenEditingGroup" time="0.0" classname="com.ert.wearables.test.tests.mobilityexchange.admin.TestGroup">
    <ignored/>
  </testcase> <!-- testGroupHistoryViaGroupTablesNameLinkWhenEditingGroup -->
  <testcase name="testGroupTableCreationDateSort" time="0.0" classname="com.ert.wearables.test.tests.mobilityexchange.admin.TestGroup">
    <ignored/>
  </testcase> <!-- testGroupTableCreationDateSort -->
  <testcase name="testGroupTableMemberUsersSort" time="0.0" classname="com.ert.wearables.test.tests.mobilityexchange.admin.TestGroup">
    <ignored/>
  </testcase> <!-- testGroupTableMemberUsersSort -->
  <testcase name="testGroupTableDeletedSort" time="0.0" classname="com.ert.wearables.test.tests.mobilityexchange.admin.TestGroup">
    <ignored/>
  </testcase> <!-- testGroupTableDeletedSort -->
  <testcase name="validateGroupWebTableData" time="0.0" classname="com.ert.wearables.test.tests.mobilityexchange.admin.TestGroup">
    <ignored/>
  </testcase> <!-- validateGroupWebTableData -->
  <testcase name="testFullCompactViewsOnGroup" time="0.0" classname="com.ert.wearables.test.tests.mobilityexchange.admin.TestGroup">
    <ignored/>
  </testcase> <!-- testFullCompactViewsOnGroup -->
  <testcase name="testGroupHistoryViaGroupTableNameLink" time="0.0" classname="com.ert.wearables.test.tests.mobilityexchange.admin.TestGroup">
    <ignored/>
  </testcase> <!-- testGroupHistoryViaGroupTableNameLink -->
  <testcase name="testGroupTableNameLink" time="0.0" classname="com.ert.wearables.test.tests.mobilityexchange.admin.TestGroup">
    <ignored/>
  </testcase> <!-- testGroupTableNameLink -->
  <testcase name="testGroupEditButtonViaNameLink" time="0.0" classname="com.ert.wearables.test.tests.mobilityexchange.admin.TestGroup">
    <ignored/>
  </testcase> <!-- testGroupEditButtonViaNameLink -->
  <testcase name="testGroupTableIdSort" time="0.0" classname="com.ert.wearables.test.tests.mobilityexchange.admin.TestGroup">
    <ignored/>
  </testcase> <!-- testGroupTableIdSort -->
  <testcase name="testGroupHistoryViaGroupTablesIdLink" time="0.0" classname="com.ert.wearables.test.tests.mobilityexchange.admin.TestGroup">
    <ignored/>
  </testcase> <!-- testGroupHistoryViaGroupTablesIdLink -->
  <testcase name="testGroupFormDeleteGroupWithNameLink" time="0.0" classname="com.ert.wearables.test.tests.mobilityexchange.admin.TestGroup">
    <ignored/>
  </testcase> <!-- testGroupFormDeleteGroupWithNameLink -->
  <testcase name="testCreateNewGroupWithOneMemberUser" time="0.0" classname="com.ert.wearables.test.tests.mobilityexchange.admin.TestGroup">
    <ignored/>
  </testcase> <!-- testCreateNewGroupWithOneMemberUser -->
  <testcase name="testGroupFormDeleteGroupWithIdLink" time="0.0" classname="com.ert.wearables.test.tests.mobilityexchange.admin.TestGroup">
    <ignored/>
  </testcase> <!-- testGroupFormDeleteGroupWithIdLink -->
  <testcase name="testGroupTableIdLink" time="0.0" classname="com.ert.wearables.test.tests.mobilityexchange.admin.TestGroup">
    <ignored/>
  </testcase> <!-- testGroupTableIdLink -->
  <testcase name="testGroupTableNameSort" time="0.0" classname="com.ert.wearables.test.tests.mobilityexchange.admin.TestGroup">
    <ignored/>
  </testcase> <!-- testGroupTableNameSort -->
  <testcase name="testGroupHistoryViaGroupTablesIdLinkWhenEditingGroup" time="0.0" classname="com.ert.wearables.test.tests.mobilityexchange.admin.TestGroup">
    <ignored/>
  </testcase> <!-- testGroupHistoryViaGroupTablesIdLinkWhenEditingGroup -->
</testsuite> <!-- Default test -->
