<?xml version="1.0" encoding="UTF-8"?>
<!-- Generated by org.testng.reporters.JUnitXMLReporter -->
<testsuite hostname="USLT20160" ignored="6" name="Default test" tests="1" failures="0" timestamp="2021-10-08T12:48:05 EDT" time="4.389" errors="0">
  <testcase name="testGetTitle" time="0.057" classname="com.ert.wearables.test.tests.mobilityexchange.admin.TestAdminLogin"/>
  <testcase name="testLoginInvalidCreds" time="0.0" classname="com.ert.wearables.test.tests.mobilityexchange.admin.TestAdminLogin">
    <ignored/>
  </testcase> <!-- testLoginInvalidCreds -->
  <testcase name="testLoginEmptyUserPassword" time="0.0" classname="com.ert.wearables.test.tests.mobilityexchange.admin.TestAdminLogin">
    <ignored/>
  </testcase> <!-- testLoginEmptyUserPassword -->
  <testcase name="testLoginEmptyUserEmail" time="0.0" classname="com.ert.wearables.test.tests.mobilityexchange.admin.TestAdminLogin">
    <ignored/>
  </testcase> <!-- testLoginEmptyUserEmail -->
  <testcase name="testLogout" time="0.0" classname="com.ert.wearables.test.tests.mobilityexchange.admin.TestAdminLogin">
    <ignored/>
  </testcase> <!-- testLogout -->
  <testcase name="testLoginPage" time="0.0" classname="com.ert.wearables.test.tests.mobilityexchange.admin.TestAdminLogin">
    <ignored/>
  </testcase> <!-- testLoginPage -->
  <testcase name="testAccountVerification" time="0.0" classname="com.ert.wearables.test.tests.mobilityexchange.admin.TestAdminLogin">
    <ignored/>
  </testcase> <!-- testAccountVerification -->
</testsuite> <!-- Default test -->
