<?xml version="1.0" encoding="UTF-8"?>
<!-- Generated by org.testng.reporters.JUnitXMLReporter -->
<testsuite hostname="USLT20160" ignored="0" name="Test" tests="103" failures="2" timestamp="2021-10-07T18:25:39 EDT" time="2900.196" errors="0">
  <testcase name="testGetTitle" time="0.057" classname="com.ert.wearables.test.tests.mobilityexchange.admin.TestAdminLogin"/>
  <testcase name="testLoginPage" time="7.142" classname="com.ert.wearables.test.tests.mobilityexchange.admin.TestAdminLogin"/>
  <testcase name="testAccountVerification" time="7.717" classname="com.ert.wearables.test.tests.mobilityexchange.admin.TestAdminLogin"/>
  <testcase name="testLoginInvalidCreds" time="5.32" classname="com.ert.wearables.test.tests.mobilityexchange.admin.TestAdminLogin"/>
  <testcase name="testLoginInvalidCreds" time="5.168" classname="com.ert.wearables.test.tests.mobilityexchange.admin.TestAdminLogin"/>
  <testcase name="testLoginInvalidCreds" time="5.219" classname="com.ert.wearables.test.tests.mobilityexchange.admin.TestAdminLogin"/>
  <testcase name="testLoginInvalidCreds" time="5.123" classname="com.ert.wearables.test.tests.mobilityexchange.admin.TestAdminLogin"/>
  <testcase name="testLoginInvalidCreds" time="5.028" classname="com.ert.wearables.test.tests.mobilityexchange.admin.TestAdminLogin"/>
  <testcase name="testLoginEmptyUserEmail" time="4.465" classname="com.ert.wearables.test.tests.mobilityexchange.admin.TestAdminLogin"/>
  <testcase name="testLoginEmptyUserEmail" time="4.409" classname="com.ert.wearables.test.tests.mobilityexchange.admin.TestAdminLogin"/>
  <testcase name="testLoginEmptyUserPassword" time="5.169" classname="com.ert.wearables.test.tests.mobilityexchange.admin.TestAdminLogin"/>
  <testcase name="testLoginEmptyUserPassword" time="5.107" classname="com.ert.wearables.test.tests.mobilityexchange.admin.TestAdminLogin"/>
  <testcase name="testLogout" time="10.833" classname="com.ert.wearables.test.tests.mobilityexchange.admin.TestAdminLogin"/>
  <testcase name="testFullCompactViewsOnStudy" time="5.925" classname="com.ert.wearables.test.tests.mobilityexchange.admin.TestStudy"/>
  <testcase name="testCreateNewTestObjectNotSet" time="23.897" classname="com.ert.wearables.test.tests.mobilityexchange.admin.TestStudy"/>
  <testcase name="testCreateNewTestObjectWithConfiguring" time="26.097" classname="com.ert.wearables.test.tests.mobilityexchange.admin.TestStudy"/>
  <testcase name="testCreateNewTestObjectWithConfigured" time="25.519" classname="com.ert.wearables.test.tests.mobilityexchange.admin.TestStudy"/>
  <testcase name="testStudyWebTableData" time="43.403" classname="com.ert.wearables.test.tests.mobilityexchange.admin.TestStudy"/>
  <testcase name="testStudyObjectHistoryViaStudiesTableIdLink" time="6.29" classname="com.ert.wearables.test.tests.mobilityexchange.admin.TestStudy"/>
  <testcase name="testStudyObjectHistoryViaStudiesTableNameLink" time="7.162" classname="com.ert.wearables.test.tests.mobilityexchange.admin.TestStudy"/>
  <testcase name="testStudyObjectHistoryViaStudiesTablesIdLinkWhenEditingObject" time="7.934" classname="com.ert.wearables.test.tests.mobilityexchange.admin.TestStudy"/>
  <testcase name="testStudyObjectHistoryViaStudiesTablesNameLinkWhenEditingObject" time="7.709" classname="com.ert.wearables.test.tests.mobilityexchange.admin.TestStudy"/>
  <testcase name="testStudyFormDeleteObjectWithIdLink" time="22.303" classname="com.ert.wearables.test.tests.mobilityexchange.admin.TestStudy"/>
  <testcase name="testStudyFormDeleteObjectWithNameLink" time="24.139" classname="com.ert.wearables.test.tests.mobilityexchange.admin.TestStudy"/>
  <testcase name="testStudyObjectEditButtonWithNotSetPhaseViaIdLink" time="13.578" classname="com.ert.wearables.test.tests.mobilityexchange.admin.TestStudy"/>
  <testcase name="testStudyObjectEditButtonWithConfiguringPhaseViaIdLink" time="13.282" classname="com.ert.wearables.test.tests.mobilityexchange.admin.TestStudy"/>
  <testcase name="testStudyObjectEditButtonWithConfiguredPhaseViaIdLink" time="12.705" classname="com.ert.wearables.test.tests.mobilityexchange.admin.TestStudy"/>
  <testcase name="testStudyObjectEditButtonWithActivePhaseViaIdLink" time="15.108" classname="com.ert.wearables.test.tests.mobilityexchange.admin.TestStudy"/>
  <testcase name="testStudyObjectEditButtonWithFinishedPhaseViaIdLink" time="14.923" classname="com.ert.wearables.test.tests.mobilityexchange.admin.TestStudy"/>
  <testcase name="testStudyObjectEditButtonWithLockedPhaseViaIdLink" time="34.085" classname="com.ert.wearables.test.tests.mobilityexchange.admin.TestStudy">
    <failure type="org.openqa.selenium.TimeoutException" message="Expected condition failed: waiting for presence of element located by: By.cssSelector: div:nth-child(2) &amp;gt; div:nth-child(2) (tried for 20 second(s) with 500 milliseconds interval)">
      <![CDATA[org.openqa.selenium.TimeoutException: Expected condition failed: waiting for presence of element located by: By.cssSelector: div:nth-child(2) > div:nth-child(2) (tried for 20 second(s) with 500 milliseconds interval)
at org.openqa.selenium.support.ui.WebDriverWait.timeoutException(WebDriverWait.java:95)
at org.openqa.selenium.support.ui.FluentWait.until(FluentWait.java:272)
at com.ert.wearables.test.core.utilities.ElementUtils.waitForElementPresent(ElementUtils.java:58)
at com.ert.wearables.test.core.pages.mobilityexchange.admin.Study.getEditedObjectName(Study.java:645)
at com.ert.wearables.test.tests.mobilityexchange.admin.TestStudy.testStudyObjectEditButtonWithLockedPhaseViaIdLink(TestStudy.java:657)
at java.util.ArrayList.forEach(ArrayList.java:1257)
Caused by: org.openqa.selenium.NoSuchElementException: no such element: Unable to locate element: {"method":"css selector","selector":"div:nth-child(2) > div:nth-child(2)"}
  (Session info: chrome=94.0.4606.71)
For documentation on this error, please visit: https://www.seleniumhq.org/exceptions/no_such_element.html
Build info: version: '3.141.59', revision: 'e82be7d358', time: '2018-11-14T08:17:03'
System info: host: 'USLT20160', ip: '192.168.125.1', os.name: 'Windows 10', os.arch: 'amd64', os.version: '10.0', java.version: '1.8.0_202'
Driver info: org.openqa.selenium.chrome.ChromeDriver
Capabilities {acceptInsecureCerts: false, browserName: chrome, browserVersion: 94.0.4606.71, chrome: {chromedriverVersion: 94.0.4606.61 (418b78f5838ed..., userDataDir: C:\Users\YAVUZ~1.OZT\AppDat...}, goog:chromeOptions: {debuggerAddress: localhost:59268}, javascriptEnabled: true, networkConnectionEnabled: false, pageLoadStrategy: normal, platform: WINDOWS, platformName: WINDOWS, proxy: Proxy(), setWindowRect: true, strictFileInteractability: false, timeouts: {implicit: 0, pageLoad: 300000, script: 30000}, unhandledPromptBehavior: dismiss and notify, webauthn:extension:credBlob: true, webauthn:extension:largeBlob: true, webauthn:virtualAuthenticators: true}
Session ID: e2f33cdf630f247b1234a202f483dbac
*** Element info: {Using=css selector, value=div:nth-child(2) > div:nth-child(2)}
at org.openqa.selenium.remote.http.W3CHttpResponseCodec.createException(W3CHttpResponseCodec.java:187)
at org.openqa.selenium.remote.http.W3CHttpResponseCodec.decode(W3CHttpResponseCodec.java:122)
at org.openqa.selenium.remote.http.W3CHttpResponseCodec.decode(W3CHttpResponseCodec.java:49)
at org.openqa.selenium.remote.HttpCommandExecutor.execute(HttpCommandExecutor.java:158)
at org.openqa.selenium.remote.service.DriverCommandExecutor.execute(DriverCommandExecutor.java:83)
at org.openqa.selenium.remote.RemoteWebDriver.execute(RemoteWebDriver.java:552)
at org.openqa.selenium.remote.RemoteWebDriver.findElement(RemoteWebDriver.java:323)
at org.openqa.selenium.remote.RemoteWebDriver.findElementByCssSelector(RemoteWebDriver.java:420)
at org.openqa.selenium.By$ByCssSelector.findElement(By.java:431)
at org.openqa.selenium.remote.RemoteWebDriver.findElement(RemoteWebDriver.java:315)
at org.openqa.selenium.support.ui.ExpectedConditions$6.apply(ExpectedConditions.java:182)
at org.openqa.selenium.support.ui.ExpectedConditions$6.apply(ExpectedConditions.java:179)
at org.openqa.selenium.support.ui.FluentWait.until(FluentWait.java:249)
... 31 more
... Removed 30 stack frames]]>
    </failure>
  </testcase> <!-- testStudyObjectEditButtonWithLockedPhaseViaIdLink -->
  <testcase name="testStudyObjectEditButtonWithCancelledPhaseViaIdLink" time="15.25" classname="com.ert.wearables.test.tests.mobilityexchange.admin.TestStudy"/>
  <testcase name="testStudyObjectEditButtonWithNotSetPhaseViaNameLink" time="13.456" classname="com.ert.wearables.test.tests.mobilityexchange.admin.TestStudy"/>
  <testcase name="testStudyObjectEditButtonWithConfiguringPhaseViaNameLink" time="13.757" classname="com.ert.wearables.test.tests.mobilityexchange.admin.TestStudy"/>
  <testcase name="testStudyObjectEditButtonWithConfiguredPhaseViaNameLink" time="13.893" classname="com.ert.wearables.test.tests.mobilityexchange.admin.TestStudy"/>
  <testcase name="testStudyObjectEditButtonWithActivePhaseViaNameLink" time="14.933" classname="com.ert.wearables.test.tests.mobilityexchange.admin.TestStudy"/>
  <testcase name="testStudyObjectEditButtonWithFinishedPhaseViaNameLink" time="15.235" classname="com.ert.wearables.test.tests.mobilityexchange.admin.TestStudy"/>
  <testcase name="testStudyObjectEditButtonWithLockedPhaseViaNameLink" time="34.35" classname="com.ert.wearables.test.tests.mobilityexchange.admin.TestStudy">
    <failure type="org.openqa.selenium.TimeoutException" message="Expected condition failed: waiting for presence of element located by: By.cssSelector: div:nth-child(2) &amp;gt; div:nth-child(2) (tried for 20 second(s) with 500 milliseconds interval)">
      <![CDATA[org.openqa.selenium.TimeoutException: Expected condition failed: waiting for presence of element located by: By.cssSelector: div:nth-child(2) > div:nth-child(2) (tried for 20 second(s) with 500 milliseconds interval)
at org.openqa.selenium.support.ui.WebDriverWait.timeoutException(WebDriverWait.java:95)
at org.openqa.selenium.support.ui.FluentWait.until(FluentWait.java:272)
at com.ert.wearables.test.core.utilities.ElementUtils.waitForElementPresent(ElementUtils.java:58)
at com.ert.wearables.test.core.pages.mobilityexchange.admin.Study.getEditedObjectName(Study.java:645)
at com.ert.wearables.test.tests.mobilityexchange.admin.TestStudy.testStudyObjectEditButtonWithLockedPhaseViaNameLink(TestStudy.java:847)
at java.util.ArrayList.forEach(ArrayList.java:1257)
Caused by: org.openqa.selenium.NoSuchElementException: no such element: Unable to locate element: {"method":"css selector","selector":"div:nth-child(2) > div:nth-child(2)"}
  (Session info: chrome=94.0.4606.71)
For documentation on this error, please visit: https://www.seleniumhq.org/exceptions/no_such_element.html
Build info: version: '3.141.59', revision: 'e82be7d358', time: '2018-11-14T08:17:03'
System info: host: 'USLT20160', ip: '192.168.125.1', os.name: 'Windows 10', os.arch: 'amd64', os.version: '10.0', java.version: '1.8.0_202'
Driver info: org.openqa.selenium.chrome.ChromeDriver
Capabilities {acceptInsecureCerts: false, browserName: chrome, browserVersion: 94.0.4606.71, chrome: {chromedriverVersion: 94.0.4606.61 (418b78f5838ed..., userDataDir: C:\Users\YAVUZ~1.OZT\AppDat...}, goog:chromeOptions: {debuggerAddress: localhost:51439}, javascriptEnabled: true, networkConnectionEnabled: false, pageLoadStrategy: normal, platform: WINDOWS, platformName: WINDOWS, proxy: Proxy(), setWindowRect: true, strictFileInteractability: false, timeouts: {implicit: 0, pageLoad: 300000, script: 30000}, unhandledPromptBehavior: dismiss and notify, webauthn:extension:credBlob: true, webauthn:extension:largeBlob: true, webauthn:virtualAuthenticators: true}
Session ID: 4673066c0f866360efb125d8fc1142c6
*** Element info: {Using=css selector, value=div:nth-child(2) > div:nth-child(2)}
at org.openqa.selenium.remote.http.W3CHttpResponseCodec.createException(W3CHttpResponseCodec.java:187)
at org.openqa.selenium.remote.http.W3CHttpResponseCodec.decode(W3CHttpResponseCodec.java:122)
at org.openqa.selenium.remote.http.W3CHttpResponseCodec.decode(W3CHttpResponseCodec.java:49)
at org.openqa.selenium.remote.HttpCommandExecutor.execute(HttpCommandExecutor.java:158)
at org.openqa.selenium.remote.service.DriverCommandExecutor.execute(DriverCommandExecutor.java:83)
at org.openqa.selenium.remote.RemoteWebDriver.execute(RemoteWebDriver.java:552)
at org.openqa.selenium.remote.RemoteWebDriver.findElement(RemoteWebDriver.java:323)
at org.openqa.selenium.remote.RemoteWebDriver.findElementByCssSelector(RemoteWebDriver.java:420)
at org.openqa.selenium.By$ByCssSelector.findElement(By.java:431)
at org.openqa.selenium.remote.RemoteWebDriver.findElement(RemoteWebDriver.java:315)
at org.openqa.selenium.support.ui.ExpectedConditions$6.apply(ExpectedConditions.java:182)
at org.openqa.selenium.support.ui.ExpectedConditions$6.apply(ExpectedConditions.java:179)
at org.openqa.selenium.support.ui.FluentWait.until(FluentWait.java:249)
... 31 more
... Removed 30 stack frames]]>
    </failure>
  </testcase> <!-- testStudyObjectEditButtonWithLockedPhaseViaNameLink -->
  <testcase name="testStudyObjectEditButtonWithCancelledPhaseViaNameLink" time="14.908" classname="com.ert.wearables.test.tests.mobilityexchange.admin.TestStudy"/>
  <testcase name="testStudyTableObjectIdLink" time="3.751" classname="com.ert.wearables.test.tests.mobilityexchange.admin.TestStudy"/>
  <testcase name="testStudyTableObjectNameLink" time="4.269" classname="com.ert.wearables.test.tests.mobilityexchange.admin.TestStudy"/>
  <testcase name="testStudyTableObjectSubjectLink" time="3.98" classname="com.ert.wearables.test.tests.mobilityexchange.admin.TestStudy"/>
  <testcase name="testStudyTableObjectSessionLink" time="3.846" classname="com.ert.wearables.test.tests.mobilityexchange.admin.TestStudy"/>
  <testcase name="testStudyTableObjectTrialLink" time="3.927" classname="com.ert.wearables.test.tests.mobilityexchange.admin.TestStudy"/>
  <testcase name="testStudyTableObjectTestDefinitionsLink" time="5.644" classname="com.ert.wearables.test.tests.mobilityexchange.admin.TestStudy"/>
  <testcase name="testStudyTableStudyPropertiesLink" time="5.818" classname="com.ert.wearables.test.tests.mobilityexchange.admin.TestStudy"/>
  <testcase name="testStudyTableDeviceAllocationConfigurationsLink" time="5.663" classname="com.ert.wearables.test.tests.mobilityexchange.admin.TestStudy"/>
  <testcase name="testStudyTableProtocolDefinitionsLink" time="5.636" classname="com.ert.wearables.test.tests.mobilityexchange.admin.TestStudy"/>
  <testcase name="testStudyTableRolesLink" time="5.576" classname="com.ert.wearables.test.tests.mobilityexchange.admin.TestStudy"/>
  <testcase name="testStudyTableMembersLink" time="5.826" classname="com.ert.wearables.test.tests.mobilityexchange.admin.TestStudy"/>
  <testcase name="testStudyTableDeviceAllocationGroupsLink" time="5.78" classname="com.ert.wearables.test.tests.mobilityexchange.admin.TestStudy"/>
  <testcase name="testStudyTableIdSort" time="50.546" classname="com.ert.wearables.test.tests.mobilityexchange.admin.TestStudy"/>
  <testcase name="testStudyTableNameSort" time="50.571" classname="com.ert.wearables.test.tests.mobilityexchange.admin.TestStudy"/>
  <testcase name="testStudyTableSubjectsSort" time="50.696" classname="com.ert.wearables.test.tests.mobilityexchange.admin.TestStudy"/>
  <testcase name="testStudyTableSessionsSort" time="50.696" classname="com.ert.wearables.test.tests.mobilityexchange.admin.TestStudy"/>
  <testcase name="testStudyTableTestDefinitionsSort" time="54.322" classname="com.ert.wearables.test.tests.mobilityexchange.admin.TestStudy"/>
  <testcase name="testStudyTableTrialsSort" time="53.578" classname="com.ert.wearables.test.tests.mobilityexchange.admin.TestStudy"/>
  <testcase name="testStudyTablePropertiesSort" time="52.782" classname="com.ert.wearables.test.tests.mobilityexchange.admin.TestStudy"/>
  <testcase name="testStudyTableDeviceAllocationConfigurationsSort" time="52.901" classname="com.ert.wearables.test.tests.mobilityexchange.admin.TestStudy"/>
  <testcase name="testStudyTableProtocolDefinitionsSort" time="52.829" classname="com.ert.wearables.test.tests.mobilityexchange.admin.TestStudy"/>
  <testcase name="testStudyTableRolesSort" time="52.797" classname="com.ert.wearables.test.tests.mobilityexchange.admin.TestStudy"/>
  <testcase name="testStudyTableMembersSort" time="53.254" classname="com.ert.wearables.test.tests.mobilityexchange.admin.TestStudy"/>
  <testcase name="testStudyTableDeviceAllocationGroupsSort" time="53.147" classname="com.ert.wearables.test.tests.mobilityexchange.admin.TestStudy"/>
  <testcase name="testStudyTableDescriptionSort" time="53.104" classname="com.ert.wearables.test.tests.mobilityexchange.admin.TestStudy"/>
  <testcase name="testStudyTableGuidSort" time="53.523" classname="com.ert.wearables.test.tests.mobilityexchange.admin.TestStudy"/>
  <testcase name="testStudyTablePhaseSort" time="53.287" classname="com.ert.wearables.test.tests.mobilityexchange.admin.TestStudy"/>
  <testcase name="testStudyTableStartDateSort" time="53.36" classname="com.ert.wearables.test.tests.mobilityexchange.admin.TestStudy"/>
  <testcase name="testStudyTableUsesSitesSort" time="52.889" classname="com.ert.wearables.test.tests.mobilityexchange.admin.TestStudy"/>
  <testcase name="testStudyTableAllowDeviceAllocationConfigurationsSort" time="53.034" classname="com.ert.wearables.test.tests.mobilityexchange.admin.TestStudy"/>
  <testcase name="testStudyTableCreationDateSort" time="52.785" classname="com.ert.wearables.test.tests.mobilityexchange.admin.TestStudy"/>
  <testcase name="testStudyTableDeletedSort" time="52.962" classname="com.ert.wearables.test.tests.mobilityexchange.admin.TestStudy"/>
  <testcase name="testStudyTableLastModifiedSort" time="53.568" classname="com.ert.wearables.test.tests.mobilityexchange.admin.TestStudy"/>
  <testcase name="testSideBarItems" time="2.803" classname="com.ert.wearables.test.tests.mobilityexchange.admin.TestStudy"/>
  <testcase name="testFullCompactViewsOnSite" time="6.009" classname="com.ert.wearables.test.tests.mobilityexchange.admin.TestSite"/>
  <testcase name="testCreateNewSite" time="21.916" classname="com.ert.wearables.test.tests.mobilityexchange.admin.TestSite"/>
  <testcase name="testSiteWebTableData" time="41.744" classname="com.ert.wearables.test.tests.mobilityexchange.admin.TestSite"/>
  <testcase name="testSiteHistoryViaSiteTableIdLink" time="7.044" classname="com.ert.wearables.test.tests.mobilityexchange.admin.TestSite"/>
  <testcase name="testSiteHistoryViaSiteTablesNameLink" time="8.188" classname="com.ert.wearables.test.tests.mobilityexchange.admin.TestSite"/>
  <testcase name="testSiteHistoryViaSiteTablesIdLinkWhenEditingSite" time="8.661" classname="com.ert.wearables.test.tests.mobilityexchange.admin.TestSite"/>
  <testcase name="testSiteHistoryViaSiteTablesNameLinkWhenEditingSite" time="8.667" classname="com.ert.wearables.test.tests.mobilityexchange.admin.TestSite"/>
  <testcase name="testSiteFormDeleteObjectWithIdLink" time="14.251" classname="com.ert.wearables.test.tests.mobilityexchange.admin.TestSite"/>
  <testcase name="testSiteFormDeleteSiteWithNameLink" time="16.222" classname="com.ert.wearables.test.tests.mobilityexchange.admin.TestSite"/>
  <testcase name="testSiteEditButtonViaIdLink" time="16.906" classname="com.ert.wearables.test.tests.mobilityexchange.admin.TestSite"/>
  <testcase name="testSiteEditButtonViaNameLink" time="17.216" classname="com.ert.wearables.test.tests.mobilityexchange.admin.TestSite"/>
  <testcase name="testSiteTableSiteIdLink" time="4.675" classname="com.ert.wearables.test.tests.mobilityexchange.admin.TestSite"/>
  <testcase name="testSiteTableSiteNameLink" time="5.483" classname="com.ert.wearables.test.tests.mobilityexchange.admin.TestSite"/>
  <testcase name="testSiteTableSubjectLink" time="4.754" classname="com.ert.wearables.test.tests.mobilityexchange.admin.TestSite"/>
  <testcase name="testSiteTableIdSort" time="23.718" classname="com.ert.wearables.test.tests.mobilityexchange.admin.TestSite"/>
  <testcase name="testSiteTableNameSort" time="23.598" classname="com.ert.wearables.test.tests.mobilityexchange.admin.TestSite"/>
  <testcase name="testSiteTableSubjectsSort" time="23.489" classname="com.ert.wearables.test.tests.mobilityexchange.admin.TestSite"/>
  <testcase name="testSiteTableContactUserSort" time="25.391" classname="com.ert.wearables.test.tests.mobilityexchange.admin.TestSite"/>
  <testcase name="testSiteTableAddressLineOneSort" time="25.12" classname="com.ert.wearables.test.tests.mobilityexchange.admin.TestSite"/>
  <testcase name="testSiteTableAddressLineTwoSort" time="25.58" classname="com.ert.wearables.test.tests.mobilityexchange.admin.TestSite"/>
  <testcase name="testSiteTableCitySort" time="25.386" classname="com.ert.wearables.test.tests.mobilityexchange.admin.TestSite"/>
  <testcase name="testSiteTableStateSort" time="25.4" classname="com.ert.wearables.test.tests.mobilityexchange.admin.TestSite"/>
  <testcase name="testSiteTableGuidSort" time="25.239" classname="com.ert.wearables.test.tests.mobilityexchange.admin.TestSite"/>
  <testcase name="testSiteTableCountrySort" time="25.613" classname="com.ert.wearables.test.tests.mobilityexchange.admin.TestSite"/>
  <testcase name="testSiteTablePhoneSort" time="25.726" classname="com.ert.wearables.test.tests.mobilityexchange.admin.TestSite"/>
  <testcase name="testSiteTableZipSort" time="25.564" classname="com.ert.wearables.test.tests.mobilityexchange.admin.TestSite"/>
  <testcase name="testSiteTableCreationDateSort" time="24.914" classname="com.ert.wearables.test.tests.mobilityexchange.admin.TestSite"/>
  <testcase name="testSiteTableGeolocationSort" time="25.619" classname="com.ert.wearables.test.tests.mobilityexchange.admin.TestSite"/>
  <testcase name="testSiteTableNotesSort" time="25.516" classname="com.ert.wearables.test.tests.mobilityexchange.admin.TestSite"/>
  <testcase name="testSiteTableDeletedSort" time="25.549" classname="com.ert.wearables.test.tests.mobilityexchange.admin.TestSite"/>
  <testcase name="testSiteTableLastModifiedSort" time="25.943" classname="com.ert.wearables.test.tests.mobilityexchange.admin.TestSite"/>
</testsuite> <!-- Test -->
