<?xml version="1.0" encoding="UTF-8"?>
<testng-results skipped="0" failed="0" ignored="30" total="31" passed="1">
  <reporter-output>
  </reporter-output>
  <suite name="Default suite" duration-ms="13255" started-at="2021-10-05T03:19:49 EDT" finished-at="2021-10-05T03:20:03 EDT">
    <groups>
    </groups>
    <test name="Default test" duration-ms="13255" started-at="2021-10-05T03:19:49 EDT" finished-at="2021-10-05T03:20:03 EDT">
      <class name="com.ert.wearables.test.tests.mobilityexchange.admin.TestSite">
        <test-method status="PASS" signature="setUp()[pri:0, instance:com.ert.wearables.test.tests.mobilityexchange.admin.TestSite@5851bd4f]" name="setUp" is-config="true" duration-ms="7246" started-at="2021-10-05T03:19:49 EDT" finished-at="2021-10-05T03:19:57 EDT">
          <reporter-output>
          </reporter-output>
        </test-method> <!-- setUp -->
        <test-method status="PASS" signature="testSiteTableSiteNameLink()[pri:13, instance:com.ert.wearables.test.tests.mobilityexchange.admin.TestSite@5851bd4f]" name="testSiteTableSiteNameLink" duration-ms="5261" started-at="2021-10-05T03:19:57 EDT" description=" Test testSiteTableSiteNameLink" finished-at="2021-10-05T03:20:02 EDT">
          <reporter-output>
          </reporter-output>
        </test-method> <!-- testSiteTableSiteNameLink -->
        <test-method status="PASS" signature="tearDown()[pri:0, instance:com.ert.wearables.test.tests.mobilityexchange.admin.TestSite@5851bd4f]" name="tearDown" is-config="true" duration-ms="597" started-at="2021-10-05T03:20:02 EDT" finished-at="2021-10-05T03:20:03 EDT">
          <reporter-output>
          </reporter-output>
        </test-method> <!-- tearDown -->
      </class> <!-- com.ert.wearables.test.tests.mobilityexchange.admin.TestSite -->
    </test> <!-- Default test -->
  </suite> <!-- Default suite -->
</testng-results>
